[ 2022-05-03T00:20:36+08:00 ] 213.226.123.30 /solr/admin/info/system?wt=json
INFO: [ app_init ] --START--
INFO: Run Behavior\BuildLiteBehavior [ RunTime:0.000004s ]
INFO: [ app_init ] --END-- [ RunTime:0.000128s ]
ERR: 无法加载模块:Solr

[ 2022-05-03T00:39:09+08:00 ] 120.244.44.99 /favicon.ico
INFO: [ app_init ] --START--
INFO: Run Behavior\BuildLiteBehavior [ RunTime:0.000004s ]
INFO: [ app_init ] --END-- [ RunTime:0.000116s ]
ERR: 无法加载模块:Favicon

[ 2022-05-03T01:46:24+08:00 ] 213.226.123.30 /index.php?s=/Index/\think\app/invokefunction&function=call_user_func_array&vars[0]=md5&vars[1][]=HelloThinkPHP21
INFO: [ app_init ] --START--
INFO: Run Behavior\BuildLiteBehavior [ RunTime:0.000004s ]
INFO: [ app_init ] --END-- [ RunTime:0.000116s ]
ERR: 无法加载模块:Index

[ 2022-05-03T04:59:03+08:00 ] 213.226.123.30 /console/
INFO: [ app_init ] --START--
INFO: Run Behavior\BuildLiteBehavior [ RunTime:0.000005s ]
INFO: [ app_init ] --END-- [ RunTime:0.000128s ]
ERR: 无法加载模块:Console

[ 2022-05-03T05:30:41+08:00 ] 213.226.123.30 /Autodiscover/Autodiscover.xml
INFO: [ app_init ] --START--
INFO: Run Behavior\BuildLiteBehavior [ RunTime:0.000004s ]
INFO: [ app_init ] --END-- [ RunTime:0.000117s ]
ERR: 无法加载模块:Autodiscover

[ 2022-05-03T06:59:38+08:00 ] 213.226.123.30 /_ignition/execute-solution
INFO: [ app_init ] --START--
INFO: Run Behavior\BuildLiteBehavior [ RunTime:0.000004s ]
INFO: [ app_init ] --END-- [ RunTime:0.000124s ]
ERR: 无法加载模块:_ignition

[ 2022-05-03T07:04:23+08:00 ] 81.17.23.138 /boaform/admin/formLogin
INFO: [ app_init ] --START--
INFO: Run Behavior\BuildLiteBehavior [ RunTime:0.000004s ]
INFO: [ app_init ] --END-- [ RunTime:0.000114s ]
ERR: 无法加载模块:Boaform

[ 2022-05-03T08:36:29+08:00 ] 81.17.23.138 /boaform/admin/formLogin
INFO: [ app_init ] --START--
INFO: Run Behavior\BuildLiteBehavior [ RunTime:0.000004s ]
INFO: [ app_init ] --END-- [ RunTime:0.000128s ]
ERR: 无法加载模块:Boaform

[ 2022-05-03T12:49:21+08:00 ] 211.95.50.7 /favicon.ico
INFO: [ app_init ] --START--
INFO: Run Behavior\BuildLiteBehavior [ RunTime:0.000004s ]
INFO: [ app_init ] --END-- [ RunTime:0.000125s ]
ERR: 无法加载模块:Favicon

[ 2022-05-03T12:49:25+08:00 ] 211.95.50.4 /favicon.ico
INFO: [ app_init ] --START--
INFO: Run Behavior\BuildLiteBehavior [ RunTime:0.000004s ]
INFO: [ app_init ] --END-- [ RunTime:0.000133s ]
ERR: 无法加载模块:Favicon

[ 2022-05-03T12:49:33+08:00 ] 101.227.1.199 /favicon.ico
INFO: [ app_init ] --START--
INFO: Run Behavior\BuildLiteBehavior [ RunTime:0.000004s ]
INFO: [ app_init ] --END-- [ RunTime:0.000115s ]
ERR: 无法加载模块:Favicon

[ 2022-05-03T13:43:22+08:00 ] 223.104.41.25 /favicon.ico
INFO: [ app_init ] --START--
INFO: Run Behavior\BuildLiteBehavior [ RunTime:0.000005s ]
INFO: [ app_init ] --END-- [ RunTime:0.000161s ]
ERR: 无法加载模块:Favicon

[ 2022-05-03T14:07:24+08:00 ] 213.226.123.30 /Autodiscover/Autodiscover.xml
INFO: [ app_init ] --START--
INFO: Run Behavior\BuildLiteBehavior [ RunTime:0.000004s ]
INFO: [ app_init ] --END-- [ RunTime:0.000132s ]
ERR: 无法加载模块:Autodiscover

[ 2022-05-03T14:13:16+08:00 ] 1.234.23.64 /.vscode/sftp.json
INFO: [ app_init ] --START--
INFO: Run Behavior\BuildLiteBehavior [ RunTime:0.000004s ]
INFO: [ app_init ] --END-- [ RunTime:0.000140s ]
ERR: 无法加载模块:.vscode

[ 2022-05-03T16:04:11+08:00 ] 171.104.106.219 /p003951x53t.p5.mp4?vkey=D4948DD8442336B7FD4A782D4E371A64C7164450AC962C1DD3963284C895F7CDEDE8722074C211E4AF4418C63F7E9151F974020F5490562DEF7C3B2C82A012A83640595C32005AD04FA9808706744B054E13DDB6AF459DC0
INFO: [ app_init ] --START--
INFO: Run Behavior\BuildLiteBehavior [ RunTime:0.000005s ]
INFO: [ app_init ] --END-- [ RunTime:0.000138s ]
ERR: 无法加载模块:P003951x53t.p5

[ 2022-05-03T16:04:49+08:00 ] 171.104.106.219 /p003951x53t.p5.mp4?vkey=D4948DD8442336B7FD4A782D4E371A64C7164450AC962C1DD3963284C895F7CDEDE8722074C211E4AF4418C63F7E9151F974020F5490562DEF7C3B2C82A012A83640595C32005AD04FA9808706744B054E13DDB6AF459DC0
INFO: [ app_init ] --START--
INFO: Run Behavior\BuildLiteBehavior [ RunTime:0.000004s ]
INFO: [ app_init ] --END-- [ RunTime:0.000120s ]
ERR: 无法加载模块:P003951x53t.p5

[ 2022-05-03T19:18:42+08:00 ] 120.86.252.254 /GponForm/diag_Form?images/
INFO: [ app_init ] --START--
INFO: Run Behavior\BuildLiteBehavior [ RunTime:0.000004s ]
INFO: [ app_init ] --END-- [ RunTime:0.000117s ]
ERR: 无法加载模块:GponForm

[ 2022-05-03T21:28:22+08:00 ] 185.162.235.175 /api/geojson?url=file:///etc/hosts
INFO: [ app_init ] --START--
INFO: Run Behavior\BuildLiteBehavior [ RunTime:0.000004s ]
INFO: [ app_init ] --END-- [ RunTime:0.000116s ]
ERR: 无法加载模块:Api

[ 2022-05-03T21:28:23+08:00 ] 185.162.235.175 /config.json
INFO: [ app_init ] --START--
INFO: Run Behavior\BuildLiteBehavior [ RunTime:0.000004s ]
INFO: [ app_init ] --END-- [ RunTime:0.000114s ]
ERR: 无法加载模块:Config

[ 2022-05-03T21:28:24+08:00 ] 185.162.235.175 /login.action
INFO: [ app_init ] --START--
INFO: Run Behavior\BuildLiteBehavior [ RunTime:0.000005s ]
INFO: [ app_init ] --END-- [ RunTime:0.000162s ]
ERR: 无法加载模块:Login

[ 2022-05-03T21:28:24+08:00 ] 185.162.235.175 /.git/config
INFO: [ app_init ] --START--
INFO: Run Behavior\BuildLiteBehavior [ RunTime:0.000004s ]
INFO: [ app_init ] --END-- [ RunTime:0.000126s ]
ERR: 无法加载模块:.git

[ 2022-05-03T21:28:25+08:00 ] 185.162.235.175 /idx_config/
INFO: [ app_init ] --START--
INFO: Run Behavior\BuildLiteBehavior [ RunTime:0.000004s ]
INFO: [ app_init ] --END-- [ RunTime:0.000116s ]
ERR: 无法加载模块:Idx_config

[ 2022-05-03T21:28:25+08:00 ] 185.162.235.175 /api/geojson?url=file:///etc/hosts
INFO: [ app_init ] --START--
INFO: Run Behavior\BuildLiteBehavior [ RunTime:0.000006s ]
INFO: [ app_init ] --END-- [ RunTime:0.000169s ]
ERR: 无法加载模块:Api

[ 2022-05-03T21:28:26+08:00 ] 185.162.235.175 /config.json
INFO: [ app_init ] --START--
INFO: Run Behavior\BuildLiteBehavior [ RunTime:0.000005s ]
INFO: [ app_init ] --END-- [ RunTime:0.000165s ]
ERR: 无法加载模块:Config

[ 2022-05-03T21:28:26+08:00 ] 185.162.235.175 /login.action
INFO: [ app_init ] --START--
INFO: Run Behavior\BuildLiteBehavior [ RunTime:0.000005s ]
INFO: [ app_init ] --END-- [ RunTime:0.000167s ]
ERR: 无法加载模块:Login

[ 2022-05-03T21:28:26+08:00 ] 185.162.235.175 /.git/config
INFO: [ app_init ] --START--
INFO: Run Behavior\BuildLiteBehavior [ RunTime:0.000006s ]
INFO: [ app_init ] --END-- [ RunTime:0.000173s ]
ERR: 无法加载模块:.git

[ 2022-05-03T21:28:26+08:00 ] 185.162.235.175 /server-status
INFO: [ app_init ] --START--
INFO: Run Behavior\BuildLiteBehavior [ RunTime:0.000005s ]
INFO: [ app_init ] --END-- [ RunTime:0.000155s ]
ERR: 无法加载模块:Server-status

[ 2022-05-03T21:28:27+08:00 ] 185.162.235.175 /idx_config/
INFO: [ app_init ] --START--
INFO: Run Behavior\BuildLiteBehavior [ RunTime:0.000004s ]
INFO: [ app_init ] --END-- [ RunTime:0.000126s ]
ERR: 无法加载模块:Idx_config

[ 2022-05-03T21:28:28+08:00 ] 185.162.235.175 /telescope/requests
INFO: [ app_init ] --START--
INFO: Run Behavior\BuildLiteBehavior [ RunTime:0.000005s ]
INFO: [ app_init ] --END-- [ RunTime:0.000156s ]
ERR: 无法加载模块:Telescope

[ 2022-05-03T21:28:28+08:00 ] 185.162.235.175 /s/lkx/_/;/META-INF/maven/com.atlassian.jira/jira-webapp-dist/pom.properties
INFO: [ app_init ] --START--
INFO: Run Behavior\BuildLiteBehavior [ RunTime:0.000005s ]
INFO: [ app_init ] --END-- [ RunTime:0.000129s ]
ERR: 无法加载模块:S

[ 2022-05-03T21:28:29+08:00 ] 185.162.235.175 /s/lkx/_/;/META-INF/maven/com.atlassian.jira/jira-webapp-dist/pom.properties
INFO: [ app_init ] --START--
INFO: Run Behavior\BuildLiteBehavior [ RunTime:0.000004s ]
INFO: [ app_init ] --END-- [ RunTime:0.000172s ]
ERR: 无法加载模块:S

[ 2022-05-03T21:28:29+08:00 ] 185.162.235.175 /server-status
INFO: [ app_init ] --START--
INFO: Run Behavior\BuildLiteBehavior [ RunTime:0.000006s ]
INFO: [ app_init ] --END-- [ RunTime:0.000162s ]
ERR: 无法加载模块:Server-status

[ 2022-05-03T21:28:32+08:00 ] 185.162.235.175 /telescope/requests
INFO: [ app_init ] --START--
INFO: Run Behavior\BuildLiteBehavior [ RunTime:0.000004s ]
INFO: [ app_init ] --END-- [ RunTime:0.000121s ]
ERR: 无法加载模块:Telescope

[ 2022-05-03T21:29:47+08:00 ] 94.102.49.190 /robots.txt
INFO: [ app_init ] --START--
INFO: Run Behavior\BuildLiteBehavior [ RunTime:0.000004s ]
INFO: [ app_init ] --END-- [ RunTime:0.000115s ]
ERR: 无法加载模块:Robots

[ 2022-05-03T21:29:52+08:00 ] 94.102.49.190 /sitemap.xml
INFO: [ app_init ] --START--
INFO: Run Behavior\BuildLiteBehavior [ RunTime:0.000004s ]
INFO: [ app_init ] --END-- [ RunTime:0.000127s ]
ERR: 无法加载模块:Sitemap

[ 2022-05-03T21:29:56+08:00 ] 94.102.49.190 /.well-known/security.txt
INFO: [ app_init ] --START--
INFO: Run Behavior\BuildLiteBehavior [ RunTime:0.000005s ]
INFO: [ app_init ] --END-- [ RunTime:0.000120s ]
ERR: 无法加载模块:.well-known

[ 2022-05-03T21:30:00+08:00 ] 94.102.49.190 /favicon.ico
INFO: [ app_init ] --START--
INFO: Run Behavior\BuildLiteBehavior [ RunTime:0.000004s ]
INFO: [ app_init ] --END-- [ RunTime:0.000116s ]
ERR: 无法加载模块:Favicon

[ 2022-05-03T22:40:37+08:00 ] 213.226.123.30 /index.php?s=/Index/\think\app/invokefunction&function=call_user_func_array&vars[0]=md5&vars[1][]=HelloThinkPHP21
INFO: [ app_init ] --START--
INFO: Run Behavior\BuildLiteBehavior [ RunTime:0.000005s ]
INFO: [ app_init ] --END-- [ RunTime:0.000147s ]
ERR: 无法加载模块:Index

